\BOOKMARK [1][-]{section*.1}{\376\377\000R\000e\000s\000u\000m\000e\000n}{}% 1
\BOOKMARK [1][-]{section*.1}{\376\377\000\315\000n\000d\000i\000c\000e\000\040\000d\000e\000\040\000C\000o\000n\000t\000e\000n\000i\000d\000o}{}% 2
\BOOKMARK [1][-]{toc1.1}{\376\377\000C\000O\000N\000T\000E\000N\000I\000D\000O}{}% 3
\BOOKMARK [1][-]{chapter*.2}{\376\377\000\315\000n\000d\000i\000c\000e\000\040\000d\000e\000\040\000F\000i\000g\000u\000r\000a\000s}{}% 4
\BOOKMARK [1][-]{toc2.1}{\376\377\000F\000I\000G\000U\000R\000A\000S}{}% 5
\BOOKMARK [1][-]{chapter*.3}{\376\377\000\315\000n\000d\000i\000c\000e\000\040\000d\000e\000\040\000T\000a\000b\000l\000a\000s}{}% 6
\BOOKMARK [1][-]{toc3.1}{\376\377\000T\000A\000B\000L\000A\000S}{}% 7
\BOOKMARK [0][-]{chapter.1}{\376\377\0001\000\040\000I\000n\000t\000r\000o\000d\000u\000c\000c\000i\000\363\000n}{}% 8
\BOOKMARK [1][-]{section.1.1}{\376\377\0001\000.\0001\000\040\000D\000e\000s\000c\000r\000i\000p\000c\000i\000\363\000n\000\040\000d\000e\000\040\000l\000a\000\040\000I\000n\000s\000t\000i\000t\000u\000c\000i\000\363\000n\000\040\000o\000\040\000e\000m\000p\000r\000e\000s\000a}{chapter.1}% 9
\BOOKMARK [1][-]{section.1.2}{\376\377\0001\000.\0002\000\040\000O\000b\000j\000e\000t\000i\000v\000o\000s\000\040\000d\000e\000\040\000l\000a\000\040\000R\000e\000s\000i\000d\000e\000n\000c\000i\000a}{chapter.1}% 10
\BOOKMARK [1][-]{section.1.3}{\376\377\0001\000.\0003\000\040\000A\000n\000t\000e\000c\000e\000d\000e\000n\000t\000e\000s\000\040\000y\000\040\000J\000u\000s\000t\000i\000f\000i\000c\000a\000c\000i\000\363\000n}{chapter.1}% 11
\BOOKMARK [0][-]{chapter.2}{\376\377\0002\000\040\000M\000a\000r\000c\000o\000\040\000T\000e\000\363\000r\000i\000c\000o}{}% 12
\BOOKMARK [1][-]{section.2.1}{\376\377\0002\000.\0001\000\040\000I\000n\000t\000r\000o\000d\000u\000c\000c\000i\000\363\000n}{chapter.2}% 13
\BOOKMARK [1][-]{section.2.2}{\376\377\0002\000.\0002\000\040\000T\000e\000m\000a\000\040\0001\000\040\000i\000n\000v\000e\000s\000t\000i\000g\000a\000d\000o}{chapter.2}% 14
\BOOKMARK [2][-]{subsection.2.2.1}{\376\377\0002\000.\0002\000.\0001\000\040\000S\000u\000b\000t\000e\000m\000a\000\040\0001\000\040\000d\000e\000l\000\040\000T\000e\000m\000a\000\040\0001}{section.2.2}% 15
\BOOKMARK [2][-]{subsection.2.2.2}{\376\377\0002\000.\0002\000.\0002\000\040\000S\000u\000b\000t\000e\000m\000a\000\040\0002\000\040\000d\000e\000l\000\040\000T\000e\000m\000a\000\040\0001}{section.2.2}% 16
\BOOKMARK [1][-]{section.2.3}{\376\377\0002\000.\0003\000\040\000F\000i\000g\000u\000r\000a\000s}{chapter.2}% 17
\BOOKMARK [1][-]{section.2.4}{\376\377\0002\000.\0004\000\040\000T\000e\000m\000a\000\040\0002\000\040\000i\000n\000v\000e\000s\000t\000i\000g\000a\000d\000o}{chapter.2}% 18
\BOOKMARK [2][-]{subsection.2.4.1}{\376\377\0002\000.\0004\000.\0001\000\040\000S\000u\000b\000t\000e\000m\000a\000\040\0001\000\040\000d\000e\000l\000\040\000T\000e\000m\000a\000\040\0002}{section.2.4}% 19
\BOOKMARK [2][-]{subsection.2.4.2}{\376\377\0002\000.\0004\000.\0002\000\040\000S\000u\000b\000t\000e\000m\000a\000\040\0002\000\040\000d\000e\000l\000\040\000T\000e\000m\000a\000\040\0002}{section.2.4}% 20
\BOOKMARK [1][-]{section.2.5}{\376\377\0002\000.\0005\000\040\000T\000a\000b\000l\000a\000s}{chapter.2}% 21
\BOOKMARK [0][-]{chapter.3}{\376\377\0003\000\040\000D\000e\000s\000a\000r\000r\000o\000l\000l\000o\000\040\000y\000\040\000r\000e\000s\000u\000l\000t\000a\000d\000o\000s}{}% 22
\BOOKMARK [1][-]{section.3.1}{\376\377\0003\000.\0001\000\040\000M\000e\000t\000o\000d\000o\000\040\000p\000r\000o\000p\000u\000e\000s\000t\000o}{chapter.3}% 23
\BOOKMARK [1][-]{section.3.2}{\376\377\0003\000.\0002\000\040\000I\000n\000s\000t\000r\000u\000m\000e\000n\000t\000o\000s\000\040\000e\000m\000p\000l\000e\000a\000d\000o\000s}{chapter.3}% 24
\BOOKMARK [1][-]{section.3.3}{\376\377\0003\000.\0003\000\040\000R\000e\000s\000u\000l\000t\000a\000d\000o\000s}{chapter.3}% 25
\BOOKMARK [0][-]{chapter.4}{\376\377\0004\000\040\000C\000o\000n\000c\000l\000u\000s\000i\000o\000n\000e\000s}{}% 26
\BOOKMARK [1][-]{section.4.1}{\376\377\0004\000.\0001\000\040\000C\000o\000n\000c\000l\000u\000s\000i\000o\000n\000e\000s}{chapter.4}% 27
\BOOKMARK [1][-]{section.4.2}{\376\377\0004\000.\0002\000\040\000T\000r\000a\000b\000a\000j\000o\000\040\000a\000\040\000f\000u\000t\000u\000r\000o}{chapter.4}% 28
\BOOKMARK [1][-]{section.4.3}{\376\377\0004\000.\0003\000\040\000C\000o\000m\000p\000e\000t\000e\000n\000c\000i\000a\000s\000\040\000d\000e\000s\000a\000r\000r\000o\000l\000l\000a\000d\000a\000s}{chapter.4}% 29
\BOOKMARK [0][-]{bib4.0}{\376\377\000R\000E\000F\000E\000R\000E\000N\000C\000I\000A\000S}{}% 30
\BOOKMARK [0][-]{appendix.A}{\376\377\000A\000\040\000C\000a\000r\000t\000a\000\040\000d\000e\000\040\000p\000r\000e\000s\000e\000n\000t\000a\000c\000i\000\363\000n}{}% 31
\BOOKMARK [0][-]{appendix.B}{\376\377\000B\000\040\000n\000o\000m\000b\000r\000e\000\040\000d\000e\000l\000\040\000a\000n\000e\000x\000o}{}% 32
