This is pdfTeX, Version 3.141592653-2.6-1.40.24 (MiKTeX 22.10) (preloaded format=pdflatex 2023.4.4)  13 APR 2023 16:15
entering extended mode
 restricted \write18 enabled.
 %&-line parsing enabled.
**./Memoria.tex
(Memoria.tex
LaTeX2e <2022-06-01> patch level 5
L3 programming layer <2022-09-28> (memoria.cls
Document Class: memoria 2023/04/04 v05 Standard LaTeX document class
(C:\Users\Windows 10\AppData\Local\Programs\MiKTeX\tex/latex/base\bk12.clo
File: bk12.clo 2021/10/04 v1.4n Standard LaTeX file (size option)
)
\c@part=\count185
\c@chapter=\count186
\c@section=\count187
\c@subsection=\count188
\c@subsubsection=\count189
\c@paragraph=\count190
\c@subparagraph=\count191
\c@figure=\count192
\c@table=\count193
\abovecaptionskip=\skip47
\belowcaptionskip=\skip48
\bibindent=\dimen138
)
(C:\Users\Windows 10\AppData\Local\Programs\MiKTeX\tex/latex/anysize\anysize.st
y
Package: anysize 1994/08/13 setting margin sizes

document style option `anysize' loaded
Michael Salzenberg, Thomas Esser, Dirk Hillbrecht
Version 1.0, Aug 13, 1994
\@Leftmargin=\dimen139
\@Rightmargin=\dimen140
\@Topmargin=\dimen141
\@Bottommargin=\dimen142
) (C:\Users\Windows 10\AppData\Local\Programs\MiKTeX\tex/latex/base\doc.sty
Package: doc 2022/06/08 v3.0j Standard LaTeX documentation package V3 (FMi)
\c@StandardModuleDepth=\count194
\guard@level=\count195
\MacrocodeTopsep=\skip49
\MacroIndent=\dimen143
\macro@cnt=\count196
\MacroTopsep=\skip50
\IndexMin=\dimen144
\c@IndexColumns=\count197

(C:\Users\Windows 10\AppData\Local\Programs\MiKTeX\tex/latex/tools\multicol.sty
Package: multicol 2021/11/30 v1.9d multicolumn formatting (FMi)
\c@tracingmulticols=\count198
\mult@box=\box51
\multicol@leftmargin=\dimen145
\c@unbalance=\count199
\c@collectmore=\count266
\doublecol@number=\count267
\multicoltolerance=\count268
\multicolpretolerance=\count269
\full@width=\dimen146
\page@free=\dimen147
\premulticols=\dimen148
\postmulticols=\dimen149
\multicolsep=\skip51
\multicolbaselineskip=\skip52
\partial@page=\box52
\last@line=\box53
\maxbalancingoverflow=\dimen150
\mult@rightbox=\box54
\mult@grightbox=\box55
\mult@firstbox=\box56
\mult@gfirstbox=\box57
\@tempa=\box58
\@tempa=\box59
\@tempa=\box60
\@tempa=\box61
\@tempa=\box62
\@tempa=\box63
\@tempa=\box64
\@tempa=\box65
\@tempa=\box66
\@tempa=\box67
\@tempa=\box68
\@tempa=\box69
\@tempa=\box70
\@tempa=\box71
\@tempa=\box72
\@tempa=\box73
\@tempa=\box74
\@tempa=\box75
\@tempa=\box76
\@tempa=\box77
\@tempa=\box78
\@tempa=\box79
\@tempa=\box80
\@tempa=\box81
\@tempa=\box82
\@tempa=\box83
\@tempa=\box84
\@tempa=\box85
\@tempa=\box86
\@tempa=\box87
\@tempa=\box88
\@tempa=\box89
\@tempa=\box90
\@tempa=\box91
\@tempa=\box92
\@tempa=\box93
\c@minrows=\count270
\c@columnbadness=\count271
\c@finalcolumnbadness=\count272
\last@try=\dimen151
\multicolovershoot=\dimen152
\multicolundershoot=\dimen153
\mult@nat@firstbox=\box94
\colbreak@box=\box95
\mc@col@check@num=\count273
)
\GlossaryMin=\dimen154
\c@GlossaryColumns=\count274
\check@sum=\count275
\bslash@cnt=\count276
\wrong@table=\toks16
\c@CodelineNo=\count277
\@temptokenb=\toks17
)
(C:\Users\Windows 10\AppData\Local\Programs\MiKTeX\tex/latex/base\inputenc.sty
Package: inputenc 2021/02/14 v1.3d Input encoding file
\inpenc@prehook=\toks18
\inpenc@posthook=\toks19

(C:\Users\Windows 10\AppData\Local\Programs\MiKTeX\tex/latex/base\latin1.def
File: latin1.def 2021/02/14 v1.3d Input encoding file
))
(C:\Users\Windows 10\AppData\Local\Programs\MiKTeX\tex/latex/graphics\color.sty
Package: color 2022/01/06 v1.3d Standard LaTeX Color (DPC)

(C:\Users\Windows 10\AppData\Local\Programs\MiKTeX\tex/latex/graphics-cfg\color
.cfg
File: color.cfg 2016/01/02 v1.6 sample color configuration
)
Package color Info: Driver file: pdftex.def on input line 149.

(C:\Users\Windows 10\AppData\Local\Programs\MiKTeX\tex/latex/graphics-def\pdfte
x.def
File: pdftex.def 2022/09/22 v1.2b Graphics/color driver for pdftex
\stockwidth=\dimen155
\stockheight=\dimen156
)
(C:\Users\Windows 10\AppData\Local\Programs\MiKTeX\tex/latex/graphics\mathcolor
.ltx))
(C:\Users\Windows 10\AppData\Local\Programs\MiKTeX\tex/latex/graphics\graphicx.
sty
Package: graphicx 2021/09/16 v1.2d Enhanced LaTeX Graphics (DPC,SPQR)

(C:\Users\Windows 10\AppData\Local\Programs\MiKTeX\tex/latex/graphics\keyval.st
y
Package: keyval 2022/05/29 v1.15 key=value parser (DPC)
\KV@toks@=\toks20
)
(C:\Users\Windows 10\AppData\Local\Programs\MiKTeX\tex/latex/graphics\graphics.
sty
Package: graphics 2022/03/10 v1.4e Standard LaTeX Graphics (DPC,SPQR)

(C:\Users\Windows 10\AppData\Local\Programs\MiKTeX\tex/latex/graphics\trig.sty
Package: trig 2021/08/11 v1.11 sin cos tan (DPC)
)
(C:\Users\Windows 10\AppData\Local\Programs\MiKTeX\tex/latex/graphics-cfg\graph
ics.cfg
File: graphics.cfg 2016/06/04 v1.11 sample graphics configuration
)
Package graphics Info: Driver file: pdftex.def on input line 107.
)
\Gin@req@height=\dimen157
\Gin@req@width=\dimen158
)
(C:\Users\Windows 10\AppData\Local\Programs\MiKTeX\tex/latex/hypdoc\hypdoc.sty
Package: hypdoc 2023-01-23 v1.18 Hyper extensions for doc.sty (HO)

(C:\Users\Windows 10\AppData\Local\Programs\MiKTeX\tex/latex/base\atveryend-ltx
.sty
Package: atveryend-ltx 2020/08/19 v1.0a Emulation of the original atveryend pac
kage
with kernel methods
)
(C:\Users\Windows 10\AppData\Local\Programs\MiKTeX\tex/latex/hyperref\hyperref.
sty
Package: hyperref 2022-09-22 v7.00t Hypertext links for LaTeX

(C:\Users\Windows 10\AppData\Local\Programs\MiKTeX\tex/generic/ltxcmds\ltxcmds.
sty
Package: ltxcmds 2020-05-10 v1.25 LaTeX kernel commands for general use (HO)
)
(C:\Users\Windows 10\AppData\Local\Programs\MiKTeX\tex/generic/iftex\iftex.sty
Package: iftex 2022/02/03 v1.0f TeX engine tests
)
(C:\Users\Windows 10\AppData\Local\Programs\MiKTeX\tex/generic/pdftexcmds\pdfte
xcmds.sty
Package: pdftexcmds 2020-06-27 v0.33 Utility functions of pdfTeX for LuaTeX (HO
)

(C:\Users\Windows 10\AppData\Local\Programs\MiKTeX\tex/generic/infwarerr\infwar
err.sty
Package: infwarerr 2019/12/03 v1.5 Providing info/warning/error messages (HO)
)
Package pdftexcmds Info: \pdf@primitive is available.
Package pdftexcmds Info: \pdf@ifprimitive is available.
Package pdftexcmds Info: \pdfdraftmode found.
)
(C:\Users\Windows 10\AppData\Local\Programs\MiKTeX\tex/latex/kvsetkeys\kvsetkey
s.sty
Package: kvsetkeys 2022-10-05 v1.19 Key value parser (HO)
)
(C:\Users\Windows 10\AppData\Local\Programs\MiKTeX\tex/generic/kvdefinekeys\kvd
efinekeys.sty
Package: kvdefinekeys 2019-12-19 v1.6 Define keys (HO)
)
(C:\Users\Windows 10\AppData\Local\Programs\MiKTeX\tex/generic/pdfescape\pdfesc
ape.sty
Package: pdfescape 2019/12/09 v1.15 Implements pdfTeX's escape features (HO)
)
(C:\Users\Windows 10\AppData\Local\Programs\MiKTeX\tex/latex/hycolor\hycolor.st
y
Package: hycolor 2020-01-27 v1.10 Color options for hyperref/bookmark (HO)
)
(C:\Users\Windows 10\AppData\Local\Programs\MiKTeX\tex/latex/letltxmacro\letltx
macro.sty
Package: letltxmacro 2019/12/03 v1.6 Let assignment for LaTeX macros (HO)
)
(C:\Users\Windows 10\AppData\Local\Programs\MiKTeX\tex/latex/auxhook\auxhook.st
y
Package: auxhook 2019-12-17 v1.6 Hooks for auxiliary files (HO)
)
(C:\Users\Windows 10\AppData\Local\Programs\MiKTeX\tex/latex/hyperref\nameref.s
ty
Package: nameref 2022-05-17 v2.50 Cross-referencing by name of section

(C:\Users\Windows 10\AppData\Local\Programs\MiKTeX\tex/latex/refcount\refcount.
sty
Package: refcount 2019/12/15 v3.6 Data extraction from label references (HO)
)
(C:\Users\Windows 10\AppData\Local\Programs\MiKTeX\tex/generic/gettitlestring\g
ettitlestring.sty
Package: gettitlestring 2019/12/15 v1.6 Cleanup title references (HO)

(C:\Users\Windows 10\AppData\Local\Programs\MiKTeX\tex/latex/kvoptions\kvoption
s.sty
Package: kvoptions 2022-06-15 v3.15 Key value format for package options (HO)
))
\c@section@level=\count278
)
\@linkdim=\dimen159
\Hy@linkcounter=\count279
\Hy@pagecounter=\count280

(C:\Users\Windows 10\AppData\Local\Programs\MiKTeX\tex/latex/hyperref\pd1enc.de
f
File: pd1enc.def 2022-09-22 v7.00t Hyperref: PDFDocEncoding definition (HO)
Now handling font encoding PD1 ...
... no UTF-8 mapping file for font encoding PD1
)
(C:\Users\Windows 10\AppData\Local\Programs\MiKTeX\tex/generic/intcalc\intcalc.
sty
Package: intcalc 2019/12/15 v1.3 Expandable calculations with integers (HO)
)
(C:\Users\Windows 10\AppData\Local\Programs\MiKTeX\tex/generic/etexcmds\etexcmd
s.sty
Package: etexcmds 2019/12/15 v1.7 Avoid name clashes with e-TeX commands (HO)
)
\Hy@SavedSpaceFactor=\count281

(C:\Users\Windows 10\AppData\Local\Programs\MiKTeX\tex/latex/hyperref\puenc.def
File: puenc.def 2022-09-22 v7.00t Hyperref: PDF Unicode definition (HO)
Now handling font encoding PU ...
... no UTF-8 mapping file for font encoding PU
)
Package hyperref Info: Option `hyperindex' set `false' on input line 4045.
Package hyperref Info: Option `pdfusetitle' set `true' on input line 4045.
Package hyperref Info: Option `pdfpagelabels' set `true' on input line 4045.
Package hyperref Info: Hyper figures OFF on input line 4162.
Package hyperref Info: Link nesting OFF on input line 4167.
Package hyperref Info: Hyper index OFF on input line 4172.
Package hyperref Info: Plain pages OFF on input line 4177.
Package hyperref Info: Backreferencing OFF on input line 4182.
Package hyperref Info: Implicit mode ON; LaTeX internals redefined.
Package hyperref Info: Bookmarks ON on input line 4410.
\c@Hy@tempcnt=\count282
 (C:\Users\Windows 10\AppData\Local\Programs\MiKTeX\tex/latex/url\url.sty
\Urlmuskip=\muskip16
Package: url 2013/09/16  ver 3.4  Verb mode for urls, etc.
)
LaTeX Info: Redefining \url on input line 4748.
\XeTeXLinkMargin=\dimen160

(C:\Users\Windows 10\AppData\Local\Programs\MiKTeX\tex/generic/bitset\bitset.st
y
Package: bitset 2019/12/09 v1.3 Handle bit-vector datatype (HO)

(C:\Users\Windows 10\AppData\Local\Programs\MiKTeX\tex/generic/bigintcalc\bigin
tcalc.sty
Package: bigintcalc 2019/12/15 v1.5 Expandable calculations on big integers (HO
)
))
\Fld@menulength=\count283
\Field@Width=\dimen161
\Fld@charsize=\dimen162
Package hyperref Info: Hyper figures OFF on input line 6027.
Package hyperref Info: Link nesting OFF on input line 6032.
Package hyperref Info: Hyper index OFF on input line 6037.
Package hyperref Info: backreferencing OFF on input line 6042.
Package hyperref Info: Link coloring OFF on input line 6047.
Package hyperref Info: Link coloring with OCG OFF on input line 6052.
Package hyperref Info: PDF/A mode OFF on input line 6057.

(C:\Users\Windows 10\AppData\Local\Programs\MiKTeX\tex/latex/base\atbegshi-ltx.
sty
Package: atbegshi-ltx 2021/01/10 v1.0c Emulation of the original atbegshi
package with kernel methods
)
\Hy@abspage=\count284
\c@Item=\count285
\c@Hfootnote=\count286
)
Package hyperref Info: Driver (autodetected): hpdftex.

(C:\Users\Windows 10\AppData\Local\Programs\MiKTeX\tex/latex/hyperref\hpdftex.d
ef
File: hpdftex.def 2022-09-22 v7.00t Hyperref driver for pdfTeX
\Fld@listcount=\count287
\c@bookmark@seq@number=\count288

(C:\Users\Windows 10\AppData\Local\Programs\MiKTeX\tex/latex/rerunfilecheck\rer
unfilecheck.sty
Package: rerunfilecheck 2022-07-10 v1.10 Rerun checks for auxiliary files (HO)

(C:\Users\Windows 10\AppData\Local\Programs\MiKTeX\tex/generic/uniquecounter\un
iquecounter.sty
Package: uniquecounter 2019/12/15 v1.4 Provide unlimited unique counter (HO)
)
Package uniquecounter Info: New unique counter `rerunfilecheck' on input line 2
85.
)
\Hy@SectionHShift=\skip53
)
Package hyperref Info: Option `colorlinks' set `true' on input line 66.
Package hyperref Info: Option `plainpages' set `false' on input line 66.
Package hyperref Info: Option `bookmarksopen' set `true' on input line 66.
Package hyperref Info: Option `bookmarksnumbered' set `true' on input line 66.
\c@HD@unique=\count289
\c@HD@hypercount=\count290
\HD@helplength=\skip54
)
(C:\Users\Windows 10\AppData\Local\Programs\MiKTeX\tex/latex/l3backend\l3backen
d-pdftex.def
File: l3backend-pdftex.def 2022-09-28 L3 backend support: PDF output (pdfTeX)
\l__color_backend_stack_int=\count291
\l__pdf_internal_box=\box96
) (Memoria.aux)
\openout1 = `Memoria.aux'.

LaTeX Font Info:    Checking defaults for OML/cmm/m/it on input line 21.
LaTeX Font Info:    ... okay on input line 21.
LaTeX Font Info:    Checking defaults for OMS/cmsy/m/n on input line 21.
LaTeX Font Info:    ... okay on input line 21.
LaTeX Font Info:    Checking defaults for OT1/cmr/m/n on input line 21.
LaTeX Font Info:    ... okay on input line 21.
LaTeX Font Info:    Checking defaults for T1/cmr/m/n on input line 21.
LaTeX Font Info:    ... okay on input line 21.
LaTeX Font Info:    Checking defaults for TS1/cmr/m/n on input line 21.
LaTeX Font Info:    ... okay on input line 21.
LaTeX Font Info:    Checking defaults for OMX/cmex/m/n on input line 21.
LaTeX Font Info:    ... okay on input line 21.
LaTeX Font Info:    Checking defaults for U/cmr/m/n on input line 21.
LaTeX Font Info:    ... okay on input line 21.
LaTeX Font Info:    Checking defaults for PD1/pdf/m/n on input line 21.
LaTeX Font Info:    ... okay on input line 21.
LaTeX Font Info:    Checking defaults for PU/pdf/m/n on input line 21.
LaTeX Font Info:    ... okay on input line 21.

(C:\Users\Windows 10\AppData\Local\Programs\MiKTeX\tex/context/base/mkii\supp-p
df.mkii
[Loading MPS to PDF converter (version 2006.09.02).]
\scratchcounter=\count292
\scratchdimen=\dimen163
\scratchbox=\box97
\nofMPsegments=\count293
\nofMParguments=\count294
\everyMPshowfont=\toks21
\MPscratchCnt=\count295
\MPscratchDim=\dimen164
\MPnumerator=\count296
\makeMPintoPDFobject=\count297
\everyMPtoPDFconversion=\toks22
)
(C:\Users\Windows 10\AppData\Local\Programs\MiKTeX\tex/latex/epstopdf-pkg\epsto
pdf-base.sty
Package: epstopdf-base 2020-01-24 v2.11 Base part for package epstopdf
Package epstopdf-base Info: Redefining graphics rule for `.eps' on input line 4
85.

(C:\Users\Windows 10\AppData\Local\Programs\MiKTeX\tex/latex/00miktex\epstopdf-
sys.cfg
File: epstopdf-sys.cfg 2021/03/18 v2.0 Configuration of epstopdf for MiKTeX
))
Package hyperref Info: Link coloring ON on input line 21.
 (Memoria.out) (Memoria.out)
\@outlinefile=\write3
\openout3 = `Memoria.out'.

 (Memoria.hd)
\HD@savedest@out=\write4
\openout4 = `Memoria.hd'.

<figuras/logo_tec.jpg, id=130, 145.29282pt x 138.5175pt>
File: figuras/logo_tec.jpg Graphic file (type jpg)
<use figuras/logo_tec.jpg>
Package pdftex.def Info: figuras/logo_tec.jpg  used on input line 23.
(pdftex.def)             Requested size: 179.06824pt x 170.71652pt.
 [1


{C:/Users/Windows 10/AppData/Local/MiKTeX/fonts/map/pdftex/pdftex.map} <./figur
as/logo_tec.jpg>] [2]
(resumen.tex
Underfull \hbox (badness 10000) in paragraph at lines 7--8

 []


Underfull \hbox (badness 10000) in paragraph at lines 9--11

 []

)
Underfull \hbox (badness 10000) in paragraph at lines 12--49

 []

[1

]
<figuras/fin1.jpg, id=151, 746.03719pt x 282.30469pt>
File: figuras/fin1.jpg Graphic file (type jpg)
<use figuras/fin1.jpg>
Package pdftex.def Info: figuras/fin1.jpg  used on input line 49.
(pdftex.def)             Requested size: 352.81552pt x 133.50597pt.
 [2 <./figuras/fin1.jpg>] (Memoria.toc
LaTeX Font Info:    External font `cmex10' loaded for size
(Font)              <7> on input line 1.
LaTeX Font Info:    External font `cmex10' loaded for size
(Font)              <5> on input line 1.
 [3

])
\tf@toc=\write5
\openout5 = `Memoria.toc'.

 [4] (Memoria.lof)
\tf@lof=\write6
\openout6 = `Memoria.lof'.

 [5

]
File: figuras/fin1.jpg Graphic file (type jpg)
<use figuras/fin1.jpg>
Package pdftex.def Info: figuras/fin1.jpg  used on input line 57.
(pdftex.def)             Requested size: 352.81552pt x 133.50597pt.
 [6]
(Memoria.lot)
\tf@lot=\write7
\openout7 = `Memoria.lot'.

 [7

]
File: figuras/fin1.jpg Graphic file (type jpg)
<use figuras/fin1.jpg>
Package pdftex.def Info: figuras/fin1.jpg  used on input line 60.
(pdftex.def)             Requested size: 352.81552pt x 133.50597pt.
 [8] (cap1.tex
Cap\'itulo 1.
<figuras/organigrama.jpg, id=223, 582.67688pt x 577.40718pt>
File: figuras/organigrama.jpg Graphic file (type jpg)
<use figuras/organigrama.jpg>
Package pdftex.def Info: figuras/organigrama.jpg  used on input line 33.
(pdftex.def)             Requested size: 264.61333pt x 262.2273pt.

pdfTeX warning (ext4): destination with the same identifier (name{page.1}) has 
been already used, duplicate ignored
<to be read again> 
                   \relax 
l.44 
      [1


]
LaTeX Font Info:    External font `cmex10' loaded for size
(Font)              <12> on input line 64.
LaTeX Font Info:    External font `cmex10' loaded for size
(Font)              <8> on input line 64.
LaTeX Font Info:    External font `cmex10' loaded for size
(Font)              <6> on input line 64.

Overfull \vbox (2.075pt too high) has occurred while \output is active []


Underfull \hbox (badness 10000) has occurred while \output is active
\OT1/cmr/m/n/12 2
 []


pdfTeX warning (ext4): destination with the same identifier (name{page.2}) has 
been already used, duplicate ignored
<to be read again> 
                   \relax 
l.64 
      [2 <./figuras/organigrama.jpg>]
Overfull \vbox (2.075pt too high) has occurred while \output is active []

 [3]
File: figuras/fin1.jpg Graphic file (type jpg)
<use figuras/fin1.jpg>
Package pdftex.def Info: figuras/fin1.jpg  used on input line 71.
(pdftex.def)             Requested size: 352.81552pt x 133.50597pt.

Overfull \vbox (2.075pt too high) has occurred while \output is active []


Underfull \hbox (badness 10000) has occurred while \output is active
\OT1/cmr/m/n/12 4
 []

[4]) (cap2.tex
Cap\'itulo 2.

Underfull \hbox (badness 10000) in paragraph at lines 22--23

 []

[5

]
<figuras/ciruelo1.jpg, id=254, 447.6725pt x 357.335pt>
File: figuras/ciruelo1.jpg Graphic file (type jpg)
<use figuras/ciruelo1.jpg>
Package pdftex.def Info: figuras/ciruelo1.jpg  used on input line 45.
(pdftex.def)             Requested size: 264.61333pt x 211.2184pt.

Overfull \vbox (2.075pt too high) has occurred while \output is active []


Underfull \hbox (badness 10000) has occurred while \output is active
\OT1/cmr/m/n/12 6
 []

[6 <./figuras/ciruelo1.jpg>]) (cap3.tex
Overfull \vbox (2.075pt too high) has occurred while \output is active []

 [7]
Overfull \vbox (2.075pt too high) has occurred while \output is active []


Underfull \hbox (badness 10000) has occurred while \output is active
\OT1/cmr/m/n/12 8
 []

[8]
Cap\'itulo 3.
[9

]
Overfull \vbox (2.075pt too high) has occurred while \output is active []


Underfull \hbox (badness 10000) has occurred while \output is active
\OT1/cmr/m/n/12 10
 []

[10]
File: figuras/fin1.jpg Graphic file (type jpg)
<use figuras/fin1.jpg>
Package pdftex.def Info: figuras/fin1.jpg  used on input line 25.
(pdftex.def)             Requested size: 352.81552pt x 133.50597pt.

Overfull \vbox (2.075pt too high) has occurred while \output is active []

 [11])
(cap4.tex
Overfull \vbox (2.075pt too high) has occurred while \output is active []


Underfull \hbox (badness 10000) has occurred while \output is active
\OT1/cmr/m/n/12 12
 []

[12

]
Cap\'itulo 4.
[13]
File: figuras/fin1.jpg Graphic file (type jpg)
<use figuras/fin1.jpg>
Package pdftex.def Info: figuras/fin1.jpg  used on input line 29.
(pdftex.def)             Requested size: 352.81552pt x 133.50597pt.

Overfull \vbox (2.075pt too high) has occurred while \output is active []


Underfull \hbox (badness 10000) has occurred while \output is active
\OT1/cmr/m/n/12 14
 []

[14]) (referencias.tex [15

]
File: figuras/fin1.jpg Graphic file (type jpg)
<use figuras/fin1.jpg>
Package pdftex.def Info: figuras/fin1.jpg  used on input line 60.
(pdftex.def)             Requested size: 352.81552pt x 133.50597pt.

Overfull \vbox (2.075pt too high) has occurred while \output is active []


Underfull \hbox (badness 10000) has occurred while \output is active
\OT1/cmr/m/n/12 16
 []

[16]) (Anexo1.tex
Anexo A.


pdfTeX warning: pdflatex.exe (file ./figuras/CartaFirma.pdf): PDF inclusion: fo
und PDF version <1.7>, but at most version <1.5> allowed
<figuras/CartaFirma.pdf, id=309, 614.295pt x 794.97pt>
File: figuras/CartaFirma.pdf Graphic file (type pdf)
<use figuras/CartaFirma.pdf>
Package pdftex.def Info: figuras/CartaFirma.pdf  used on input line 15.
(pdftex.def)             Requested size: 396.91325pt x 513.65543pt.

Underfull \hbox (badness 10000) in paragraph at lines 15--16

 []

[17

 <./figuras/CartaFirma.pdf>]
File: figuras/fin1.jpg Graphic file (type jpg)
<use figuras/fin1.jpg>
Package pdftex.def Info: figuras/fin1.jpg  used on input line 21.
(pdftex.def)             Requested size: 352.81552pt x 133.50597pt.

Overfull \vbox (2.075pt too high) has occurred while \output is active []


Underfull \hbox (badness 10000) has occurred while \output is active
\OT1/cmr/m/n/12 18
 []

[18]) (Anexo2.tex
Anexo B.
[19

]
File: figuras/fin1.jpg Graphic file (type jpg)
<use figuras/fin1.jpg>
Package pdftex.def Info: figuras/fin1.jpg  used on input line 15.
(pdftex.def)             Requested size: 352.81552pt x 133.50597pt.

Overfull \vbox (2.075pt too high) has occurred while \output is active []


Underfull \hbox (badness 10000) has occurred while \output is active
\OT1/cmr/m/n/12 20
 []

[20])
File: figuras/fin1.jpg Graphic file (type jpg)
<use figuras/fin1.jpg>
Package pdftex.def Info: figuras/fin1.jpg  used on input line 97.
(pdftex.def)             Requested size: 352.81552pt x 133.50597pt.
 [21] (Memoria.aux)
Package rerunfilecheck Info: File `Memoria.out' has not changed.
(rerunfilecheck)             Checksum: 01FEC8BE56EA8FC01EBDE1EF90A65831;4950.
Package rerunfilecheck Info: File `Memoria.hd' has not changed.
(rerunfilecheck)             Checksum: D41D8CD98F00B204E9800998ECF8427E;0.
 ) 
Here is how much of TeX's memory you used:
 9182 strings out of 475385
 150874 string characters out of 2774512
 496015 words of memory out of 3000000
 30338 multiletter control sequences out of 15000+600000
 475966 words of font info for 50 fonts, out of 8000000 for 9000
 1143 hyphenation exceptions out of 8191
 89i,12n,92p,418b,673s stack positions out of 10000i,1000n,20000p,200000b,80000s
 <C:\Users\Windows 10\AppData\Local\MiKTeX\fonts/pk/ljfour/jknappen/ec/dpi600
\tcrm1000.pk><C:/Users/Windows 10/AppData/Local/Programs/MiKTeX/fonts/type1/pub
lic/amsfonts/cm/cmbx10.pfb><C:/Users/Windows 10/AppData/Local/Programs/MiKTeX/f
onts/type1/public/amsfonts/cm/cmbx12.pfb><C:/Users/Windows 10/AppData/Local/Pro
grams/MiKTeX/fonts/type1/public/amsfonts/cm/cmcsc10.pfb><C:/Users/Windows 10/Ap
pData/Local/Programs/MiKTeX/fonts/type1/public/amsfonts/cm/cmmi10.pfb><C:/Users
/Windows 10/AppData/Local/Programs/MiKTeX/fonts/type1/public/amsfonts/cm/cmr10.
pfb><C:/Users/Windows 10/AppData/Local/Programs/MiKTeX/fonts/type1/public/amsfo
nts/cm/cmr12.pfb><C:/Users/Windows 10/AppData/Local/Programs/MiKTeX/fonts/type1
/public/amsfonts/cm/cmsy10.pfb>
Output written on Memoria.pdf (31 pages, 3084785 bytes).
PDF statistics:
 408 PDF objects out of 1000 (max. 8388607)
 77 named destinations out of 1000 (max. 500000)
 282 words of extra memory for PDF output out of 10000 (max. 10000000)

